[2026-02-05 15:40:49.514] [jointLog] [info] setting maxHashResizeThreads to 4
[2026-02-05 15:40:49.514] [jointLog] [info] Fragment incompatibility prior below threshold.  Incompatible fragments will be ignored.
[2026-02-05 15:40:49.514] [jointLog] [info] Usage of --validateMappings implies use of minScoreFraction. Since not explicitly specified, it is being set to 0.65
[2026-02-05 15:40:49.514] [jointLog] [info] Setting consensusSlack to selective-alignment default of 0.35.
[2026-02-05 15:40:49.514] [jointLog] [info] parsing read library format
[2026-02-05 15:40:49.514] [jointLog] [info] There is 1 library.
[2026-02-05 15:40:49.515] [jointLog] [info] Loading pufferfish index
[2026-02-05 15:40:49.515] [jointLog] [info] Loading dense pufferfish index.
[2026-02-05 15:40:49.538] [jointLog] [info] done
[2026-02-05 15:40:49.644] [jointLog] [info] Index contained 1834 targets
[2026-02-05 15:40:49.690] [jointLog] [info] Number of decoys : 0
[2026-02-05 15:40:50.278] [jointLog] [info] Automatically detected most likely library type as ISR

[2026-02-05 15:40:57.221] [jointLog] [info] Thread saw mini-batch with a maximum of 0.38% zero probability fragments
[2026-02-05 15:40:57.223] [jointLog] [info] Thread saw mini-batch with a maximum of 0.38% zero probability fragments
[2026-02-05 15:40:57.293] [jointLog] [info] Thread saw mini-batch with a maximum of 0.38% zero probability fragments
[2026-02-05 15:40:57.293] [jointLog] [info] Thread saw mini-batch with a maximum of 0.38% zero probability fragments
[2026-02-05 15:40:57.419] [jointLog] [info] Computed 5553 rich equivalence classes for further processing
[2026-02-05 15:40:57.419] [jointLog] [info] Counted 484003 total reads in the equivalence classes 
[2026-02-05 15:40:57.425] [jointLog] [info] Number of mappings discarded because of alignment score : 152964
[2026-02-05 15:40:57.425] [jointLog] [info] Number of fragments entirely discarded because of alignment score : 12309
[2026-02-05 15:40:57.425] [jointLog] [info] Number of fragments discarded because they are best-mapped to decoys : 0
[2026-02-05 15:40:57.425] [jointLog] [info] Number of fragments discarded because they have only dovetail (discordant) mappings to valid targets : 394
[2026-02-05 15:40:57.425] [jointLog] [warning] Only 484003 fragments were mapped, but the number of burn-in fragments was set to 5000000.
The effective lengths have been computed using the observed mappings.

[2026-02-05 15:40:57.425] [jointLog] [info] Mapping rate = 47.2575%

[2026-02-05 15:40:57.425] [jointLog] [info] finished quantifyLibrary()
[2026-02-05 15:40:57.426] [jointLog] [info] Starting optimizer
[2026-02-05 15:40:57.430] [jointLog] [info] Marked 0 weighted equivalence classes as degenerate
[2026-02-05 15:40:57.431] [jointLog] [info] iteration = 0 | max rel diff. = 9896.39
[2026-02-05 15:40:57.436] [jointLog] [info] iteration 11, adjusting effective lengths to account for biases
[2026-02-05 15:40:57.419] [fileLog] [info] 
At end of round 0
==================
Observed 1024182 total fragments (1024182 in most recent round)

[2026-02-05 15:41:00.628] [jointLog] [info] Computed expected counts (for bias correction)
[2026-02-05 15:41:00.629] [jointLog] [info] processed bias for 1.5% of the transcripts
[2026-02-05 15:41:00.757] [jointLog] [info] processed bias for 10.0% of the transcripts
[2026-02-05 15:41:00.998] [jointLog] [info] processed bias for 20.2% of the transcripts
[2026-02-05 15:41:01.277] [jointLog] [info] processed bias for 30.0% of the transcripts
[2026-02-05 15:41:01.590] [jointLog] [info] processed bias for 40.0% of the transcripts
[2026-02-05 15:41:01.888] [jointLog] [info] processed bias for 49.9% of the transcripts
[2026-02-05 15:41:02.088] [jointLog] [info] processed bias for 59.9% of the transcripts
[2026-02-05 15:41:02.285] [jointLog] [info] processed bias for 70.0% of the transcripts
[2026-02-05 15:41:02.469] [jointLog] [info] processed bias for 79.9% of the transcripts
[2026-02-05 15:41:02.534] [jointLog] [info] processed bias for 90.0% of the transcripts
[2026-02-05 15:41:02.720] [jointLog] [info] processed bias for 100.0% of the transcripts
[2026-02-05 15:41:02.871] [jointLog] [info] iteration = 100 | max rel diff. = 0.117678
[2026-02-05 15:41:02.933] [jointLog] [info] iteration = 200 | max rel diff. = 0.17652
[2026-02-05 15:41:02.980] [jointLog] [info] iteration = 300 | max rel diff. = 0.0452707
[2026-02-05 15:41:03.032] [jointLog] [info] iteration = 396 | max rel diff. = 0.00952577
[2026-02-05 15:41:03.032] [jointLog] [info] Finished optimizer
[2026-02-05 15:41:03.032] [jointLog] [info] writing output 

