[2026-02-05 15:40:16.436] [jointLog] [info] setting maxHashResizeThreads to 4
[2026-02-05 15:40:16.436] [jointLog] [info] Fragment incompatibility prior below threshold.  Incompatible fragments will be ignored.
[2026-02-05 15:40:16.436] [jointLog] [info] Usage of --validateMappings implies use of minScoreFraction. Since not explicitly specified, it is being set to 0.65
[2026-02-05 15:40:16.436] [jointLog] [info] Setting consensusSlack to selective-alignment default of 0.35.
[2026-02-05 15:40:16.436] [jointLog] [info] parsing read library format
[2026-02-05 15:40:16.436] [jointLog] [info] There is 1 library.
[2026-02-05 15:40:16.437] [jointLog] [info] Loading pufferfish index
[2026-02-05 15:40:16.437] [jointLog] [info] Loading dense pufferfish index.
[2026-02-05 15:40:16.452] [jointLog] [info] done
[2026-02-05 15:40:16.554] [jointLog] [info] Index contained 1834 targets
[2026-02-05 15:40:16.600] [jointLog] [info] Number of decoys : 0
[2026-02-05 15:40:17.034] [jointLog] [info] Automatically detected most likely library type as ISR

[2026-02-05 15:40:22.168] [jointLog] [info] Thread saw mini-batch with a maximum of 0.34% zero probability fragments
[2026-02-05 15:40:22.174] [jointLog] [info] Thread saw mini-batch with a maximum of 0.34% zero probability fragments
[2026-02-05 15:40:22.227] [jointLog] [info] Thread saw mini-batch with a maximum of 0.36% zero probability fragments
[2026-02-05 15:40:22.266] [jointLog] [info] Thread saw mini-batch with a maximum of 0.36% zero probability fragments
[2026-02-05 15:40:22.378] [jointLog] [info] Computed 5354 rich equivalence classes for further processing
[2026-02-05 15:40:22.378] [jointLog] [info] Counted 398751 total reads in the equivalence classes 
[2026-02-05 15:40:22.384] [jointLog] [info] Number of mappings discarded because of alignment score : 111096
[2026-02-05 15:40:22.384] [jointLog] [info] Number of fragments entirely discarded because of alignment score : 10488
[2026-02-05 15:40:22.384] [jointLog] [info] Number of fragments discarded because they are best-mapped to decoys : 0
[2026-02-05 15:40:22.384] [jointLog] [info] Number of fragments discarded because they have only dovetail (discordant) mappings to valid targets : 265
[2026-02-05 15:40:22.384] [jointLog] [warning] Only 398751 fragments were mapped, but the number of burn-in fragments was set to 5000000.
The effective lengths have been computed using the observed mappings.

[2026-02-05 15:40:22.384] [jointLog] [info] Mapping rate = 59.961%

[2026-02-05 15:40:22.384] [jointLog] [info] finished quantifyLibrary()
[2026-02-05 15:40:22.386] [jointLog] [info] Starting optimizer
[2026-02-05 15:40:22.392] [jointLog] [info] Marked 0 weighted equivalence classes as degenerate
[2026-02-05 15:40:22.393] [jointLog] [info] iteration = 0 | max rel diff. = 7217.27
[2026-02-05 15:40:22.400] [jointLog] [info] iteration 11, adjusting effective lengths to account for biases
[2026-02-05 15:40:22.379] [fileLog] [info] 
At end of round 0
==================
Observed 665017 total fragments (665017 in most recent round)

[2026-02-05 15:40:25.832] [jointLog] [info] Computed expected counts (for bias correction)
[2026-02-05 15:40:25.832] [jointLog] [info] processed bias for 0.8% of the transcripts
[2026-02-05 15:40:26.002] [jointLog] [info] processed bias for 10.1% of the transcripts
[2026-02-05 15:40:26.268] [jointLog] [info] processed bias for 20.1% of the transcripts
[2026-02-05 15:40:26.550] [jointLog] [info] processed bias for 30.0% of the transcripts
[2026-02-05 15:40:26.851] [jointLog] [info] processed bias for 40.0% of the transcripts
[2026-02-05 15:40:27.151] [jointLog] [info] processed bias for 49.9% of the transcripts
[2026-02-05 15:40:27.378] [jointLog] [info] processed bias for 59.9% of the transcripts
[2026-02-05 15:40:27.603] [jointLog] [info] processed bias for 69.9% of the transcripts
[2026-02-05 15:40:27.822] [jointLog] [info] processed bias for 80.8% of the transcripts
[2026-02-05 15:40:27.859] [jointLog] [info] processed bias for 89.9% of the transcripts
[2026-02-05 15:40:28.040] [jointLog] [info] processed bias for 100.0% of the transcripts
[2026-02-05 15:40:28.093] [jointLog] [info] iteration = 100 | max rel diff. = 0.277135
[2026-02-05 15:40:28.151] [jointLog] [info] iteration = 200 | max rel diff. = 1.04394
[2026-02-05 15:40:28.208] [jointLog] [info] iteration = 300 | max rel diff. = 0.0308796
[2026-02-05 15:40:28.247] [jointLog] [info] iteration = 362 | max rel diff. = 0.00271631
[2026-02-05 15:40:28.247] [jointLog] [info] Finished optimizer
[2026-02-05 15:40:28.247] [jointLog] [info] writing output 

